<?xml version="1.0" encoding="UTF-8"?>
<!-- Generated by org.testng.reporters.JUnitXMLReporter -->
<testsuite ignored="0" hostname="DESKTOP-3T0R0CM" failures="0" tests="2" name="Default test" time="0.143" errors="0" timestamp="2022-09-16T16:38:37 IST">
  <testcase classname="Testfb.TestNGClass" name="@BeforeTest launchBrowser" time="-1.663326516946E9">
    <failure type="org.testng.TestNGException" message="
Parameter &amp;apos;browser&amp;apos; is required by BeforeTest on method launchBrowser but has not been marked @Optional or defined
in C:\Users\Tausif\AppData\Local\Temp\testng-eclipse--1697032956\testng-customsuite.xml">
      <![CDATA[org.testng.TestNGException: 
Parameter 'browser' is required by BeforeTest on method launchBrowser but has not been marked @Optional or defined
in C:\Users\Tausif\AppData\Local\Temp\testng-eclipse--1697032956\testng-customsuite.xml
at org.testng.internal.Parameters.createParams(Parameters.java:270)
at org.testng.internal.Parameters.createParametersForMethod(Parameters.java:358)
at org.testng.internal.Parameters.createParameters(Parameters.java:700)
at org.testng.internal.Parameters.createConfigurationParameters(Parameters.java:168)
at org.testng.internal.ConfigInvoker.invokeConfigurations(ConfigInvoker.java:302)
at org.testng.TestRunner.invokeTestConfigurations(TestRunner.java:637)
at org.testng.TestRunner.beforeRun(TestRunner.java:627)
at org.testng.TestRunner.run(TestRunner.java:589)
at org.testng.SuiteRunner.runTest(SuiteRunner.java:377)
at org.testng.SuiteRunner.runSequentially(SuiteRunner.java:371)
at org.testng.SuiteRunner.privateRun(SuiteRunner.java:332)
at org.testng.SuiteRunner.run(SuiteRunner.java:276)
at org.testng.SuiteRunnerWorker.runSuite(SuiteRunnerWorker.java:53)
at org.testng.SuiteRunnerWorker.run(SuiteRunnerWorker.java:96)
at org.testng.TestNG.runSuitesSequentially(TestNG.java:1212)
at org.testng.TestNG.runSuitesLocally(TestNG.java:1134)
at org.testng.TestNG.runSuites(TestNG.java:1063)
at org.testng.TestNG.run(TestNG.java:1031)
at org.testng.remote.AbstractRemoteTestNG.run(AbstractRemoteTestNG.java:115)
at org.testng.remote.RemoteTestNG.initAndRun(RemoteTestNG.java:251)
at org.testng.remote.RemoteTestNG.main(RemoteTestNG.java:77)
]]>
    </failure>
  </testcase> <!-- @BeforeTest launchBrowser -->
  <testcase classname="Testfb.TestNGClass" name="@BeforeClass createpomObjects" time="-1.663326517004E9">
    <skipped/>
  </testcase> <!-- @BeforeClass createpomObjects -->
  <testcase classname="Testfb.TestNGClass" name="@BeforeMethod openRoomsPage" time="-1.66332651703E9">
    <skipped/>
  </testcase> <!-- @BeforeMethod openRoomsPage -->
  <testcase classname="Testfb.TestNGClass" name="@AfterMethod logOutApplication" time="-1.663326517041E9">
    <skipped/>
  </testcase> <!-- @AfterMethod logOutApplication -->
  <testcase classname="Testfb.TestNGClass" name="@BeforeMethod openRoomsPage" time="-1.663326517046E9">
    <skipped/>
  </testcase> <!-- @BeforeMethod openRoomsPage -->
  <testcase classname="Testfb.TestNGClass" name="@AfterMethod logOutApplication" time="-1.663326517054E9">
    <skipped/>
  </testcase> <!-- @AfterMethod logOutApplication -->
  <testcase classname="Testfb.TestNGClass" name="@AfterClass cleanPOMobject" time="-1.663326517059E9">
    <skipped/>
  </testcase> <!-- @AfterClass cleanPOMobject -->
  <testcase classname="Testfb.TestNGClass" name="@AfterTest closeBrowser" time="-1.663326517067E9">
    <skipped/>
  </testcase> <!-- @AfterTest closeBrowser -->
  <testcase classname="Testfb.TestNGClass" name="verifyGoBackToMessenger" time="0.0">
    <skipped/>
  </testcase> <!-- verifyGoBackToMessenger -->
  <testcase classname="Testfb.TestNGClass" name="verifyHelpCenterButton" time="0.0">
    <skipped/>
  </testcase> <!-- verifyHelpCenterButton -->
</testsuite> <!-- Default test -->
