<?xml version="1.0" encoding="UTF-8"?>
<testng-results ignored="0" total="12" passed="6" failed="0" skipped="6">
  <reporter-output>
  </reporter-output>
  <suite started-at="2022-09-21T14:45:49 IST" name="Suite1234" finished-at="2022-09-21T14:47:45 IST" duration-ms="115734">
    <groups>
    </groups>
    <test started-at="2022-09-21T14:45:49 IST" name="ChromeTest" finished-at="2022-09-21T14:46:19 IST" duration-ms="29443">
      <class name="Testfb.TestNG_2">
        <test-method is-config="true" signature="launchBrowser(java.lang.String)[pri:0, instance:Testfb.TestNG_2@54107f42]" started-at="2022-09-21T14:45:53 IST" name="launchBrowser" finished-at="2022-09-21T14:45:56 IST" duration-ms="3440" status="PASS">
          <params>
            <param index="0">
              <value>
                <![CDATA[Chrome]]>
              </value>
            </param>
          </params>
          <reporter-output>
          </reporter-output>
        </test-method> <!-- launchBrowser -->
        <test-method is-config="true" signature="createPomObjec()[pri:0, instance:Testfb.TestNG_2@54107f42]" started-at="2022-09-21T14:46:00 IST" name="createPomObjec" finished-at="2022-09-21T14:46:00 IST" duration-ms="1" status="PASS">
          <reporter-output>
          </reporter-output>
        </test-method> <!-- createPomObjec -->
        <test-method is-config="true" signature="openingUrl()[pri:0, instance:Testfb.TestNG_2@54107f42]" started-at="2022-09-21T14:46:00 IST" name="openingUrl" finished-at="2022-09-21T14:46:07 IST" duration-ms="6678" status="PASS">
          <reporter-output>
          </reporter-output>
        </test-method> <!-- openingUrl -->
        <test-method signature="devloperLogIn()[pri:0, instance:Testfb.TestNG_2@54107f42]" started-at="2022-09-21T14:46:07 IST" name="devloperLogIn" finished-at="2022-09-21T14:46:15 IST" duration-ms="7798" status="PASS">
          <reporter-output>
          </reporter-output>
        </test-method> <!-- devloperLogIn -->
        <test-method is-config="true" signature="logOut()[pri:0, instance:Testfb.TestNG_2@54107f42]" started-at="2022-09-21T14:46:15 IST" name="logOut" finished-at="2022-09-21T14:46:15 IST" duration-ms="1" status="PASS">
          <reporter-output>
          </reporter-output>
        </test-method> <!-- logOut -->
        <test-method is-config="true" signature="openingUrl()[pri:0, instance:Testfb.TestNG_2@54107f42]" started-at="2022-09-21T14:46:15 IST" name="openingUrl" finished-at="2022-09-21T14:46:17 IST" duration-ms="1871" status="PASS">
          <reporter-output>
          </reporter-output>
        </test-method> <!-- openingUrl -->
        <test-method signature="signUpButton()[pri:0, instance:Testfb.TestNG_2@54107f42]" started-at="2022-09-21T14:46:17 IST" name="signUpButton" finished-at="2022-09-21T14:46:19 IST" duration-ms="2323" status="PASS">
          <reporter-output>
          </reporter-output>
        </test-method> <!-- signUpButton -->
        <test-method is-config="true" signature="logOut()[pri:0, instance:Testfb.TestNG_2@54107f42]" started-at="2022-09-21T14:46:19 IST" name="logOut" finished-at="2022-09-21T14:46:19 IST" duration-ms="0" status="PASS">
          <reporter-output>
          </reporter-output>
        </test-method> <!-- logOut -->
        <test-method is-config="true" signature="cleanPOMobject()[pri:0, instance:Testfb.TestNG_2@54107f42]" started-at="2022-09-21T14:46:19 IST" name="cleanPOMobject" finished-at="2022-09-21T14:46:19 IST" duration-ms="1" status="PASS">
          <reporter-output>
          </reporter-output>
        </test-method> <!-- cleanPOMobject -->
        <test-method is-config="true" signature="closeBrowser()[pri:0, instance:Testfb.TestNG_2@54107f42]" started-at="2022-09-21T14:46:19 IST" name="closeBrowser" finished-at="1970-01-01T05:30:00 IST" duration-ms="-1663751779334" status="SKIP">
          <reporter-output>
          </reporter-output>
        </test-method> <!-- closeBrowser -->
      </class> <!-- Testfb.TestNG_2 -->
      <class name="Testfb.TestNGClass">
        <test-method is-config="true" signature="launchBrowser(java.lang.String)[pri:0, instance:Testfb.TestNGClass@1133ec6e]" started-at="2022-09-21T14:45:49 IST" name="launchBrowser" finished-at="2022-09-21T14:45:53 IST" duration-ms="3596" status="PASS">
          <params>
            <param index="0">
              <value>
                <![CDATA[Chrome]]>
              </value>
            </param>
          </params>
          <reporter-output>
          </reporter-output>
        </test-method> <!-- launchBrowser -->
        <test-method is-config="true" signature="createpomObjects()[pri:0, instance:Testfb.TestNGClass@1133ec6e]" started-at="2022-09-21T14:45:56 IST" name="createpomObjects" finished-at="2022-09-21T14:45:57 IST" duration-ms="170" status="PASS">
          <reporter-output>
          </reporter-output>
        </test-method> <!-- createpomObjects -->
        <test-method is-config="true" signature="openRoomsPage()[pri:0, instance:Testfb.TestNGClass@1133ec6e]" started-at="2022-09-21T14:45:57 IST" name="openRoomsPage" finished-at="2022-09-21T14:46:00 IST" duration-ms="3411" status="FAIL">
          <exception class="java.lang.NullPointerException">
            <message>
              <![CDATA[Cannot invoke "org.testng.asserts.SoftAssert.assertEquals(String, String)" because "this.soft" is null]]>
            </message>
            <full-stacktrace>
              <![CDATA[java.lang.NullPointerException: Cannot invoke "org.testng.asserts.SoftAssert.assertEquals(String, String)" because "this.soft" is null
at Testfb.TestNGClass.openRoomsPage(TestNGClass.java:78)
at java.base/jdk.internal.reflect.DirectMethodHandleAccessor.invoke(DirectMethodHandleAccessor.java:104)
at java.base/java.lang.reflect.Method.invoke(Method.java:577)
at org.testng.internal.MethodInvocationHelper.invokeMethod(MethodInvocationHelper.java:133)
at org.testng.internal.MethodInvocationHelper.invokeMethodConsideringTimeout(MethodInvocationHelper.java:62)
at org.testng.internal.ConfigInvoker.invokeConfigurationMethod(ConfigInvoker.java:385)
at org.testng.internal.ConfigInvoker.invokeConfigurations(ConfigInvoker.java:321)
at org.testng.internal.TestInvoker.runConfigMethods(TestInvoker.java:700)
at org.testng.internal.TestInvoker.invokeMethod(TestInvoker.java:527)
at org.testng.internal.TestInvoker.invokeTestMethod(TestInvoker.java:173)
at org.testng.internal.MethodRunner.runInSequence(MethodRunner.java:46)
at org.testng.internal.TestInvoker$MethodInvocationAgent.invoke(TestInvoker.java:824)
at org.testng.internal.TestInvoker.invokeTestMethods(TestInvoker.java:146)
at org.testng.internal.TestMethodWorker.invokeTestMethods(TestMethodWorker.java:146)
at org.testng.internal.TestMethodWorker.run(TestMethodWorker.java:128)
at java.base/java.util.ArrayList.forEach(ArrayList.java:1511)
at org.testng.TestRunner.privateRun(TestRunner.java:794)
at org.testng.TestRunner.run(TestRunner.java:596)
at org.testng.SuiteRunner.runTest(SuiteRunner.java:377)
at org.testng.SuiteRunner.access$000(SuiteRunner.java:28)
at org.testng.SuiteRunner$SuiteWorker.run(SuiteRunner.java:418)
at org.testng.internal.thread.ThreadUtil.lambda$execute$0(ThreadUtil.java:64)
at java.base/java.util.concurrent.FutureTask.run(FutureTask.java:264)
at java.base/java.util.concurrent.ThreadPoolExecutor.runWorker(ThreadPoolExecutor.java:1136)
at java.base/java.util.concurrent.ThreadPoolExecutor$Worker.run(ThreadPoolExecutor.java:635)
at java.base/java.lang.Thread.run(Thread.java:833)
]]>
            </full-stacktrace>
          </exception> <!-- java.lang.NullPointerException -->
          <reporter-output>
          </reporter-output>
        </test-method> <!-- openRoomsPage -->
        <test-method signature="verifyGoBackToMessenger()[pri:0, instance:Testfb.TestNGClass@1133ec6e]" started-at="2022-09-21T14:46:00 IST" name="verifyGoBackToMessenger" finished-at="2022-09-21T14:46:00 IST" duration-ms="0" status="SKIP">
          <exception class="java.lang.NullPointerException">
            <message>
              <![CDATA[Cannot invoke "org.testng.asserts.SoftAssert.assertEquals(String, String)" because "this.soft" is null]]>
            </message>
            <full-stacktrace>
              <![CDATA[java.lang.NullPointerException: Cannot invoke "org.testng.asserts.SoftAssert.assertEquals(String, String)" because "this.soft" is null
at Testfb.TestNGClass.openRoomsPage(TestNGClass.java:78)
at java.base/jdk.internal.reflect.DirectMethodHandleAccessor.invoke(DirectMethodHandleAccessor.java:104)
at java.base/java.lang.reflect.Method.invoke(Method.java:577)
at org.testng.internal.MethodInvocationHelper.invokeMethod(MethodInvocationHelper.java:133)
at org.testng.internal.MethodInvocationHelper.invokeMethodConsideringTimeout(MethodInvocationHelper.java:62)
at org.testng.internal.ConfigInvoker.invokeConfigurationMethod(ConfigInvoker.java:385)
at org.testng.internal.ConfigInvoker.invokeConfigurations(ConfigInvoker.java:321)
at org.testng.internal.TestInvoker.runConfigMethods(TestInvoker.java:700)
at org.testng.internal.TestInvoker.invokeMethod(TestInvoker.java:527)
at org.testng.internal.TestInvoker.invokeTestMethod(TestInvoker.java:173)
at org.testng.internal.MethodRunner.runInSequence(MethodRunner.java:46)
at org.testng.internal.TestInvoker$MethodInvocationAgent.invoke(TestInvoker.java:824)
at org.testng.internal.TestInvoker.invokeTestMethods(TestInvoker.java:146)
at org.testng.internal.TestMethodWorker.invokeTestMethods(TestMethodWorker.java:146)
at org.testng.internal.TestMethodWorker.run(TestMethodWorker.java:128)
at java.base/java.util.ArrayList.forEach(ArrayList.java:1511)
at org.testng.TestRunner.privateRun(TestRunner.java:794)
at org.testng.TestRunner.run(TestRunner.java:596)
at org.testng.SuiteRunner.runTest(SuiteRunner.java:377)
at org.testng.SuiteRunner.access$000(SuiteRunner.java:28)
at org.testng.SuiteRunner$SuiteWorker.run(SuiteRunner.java:418)
at org.testng.internal.thread.ThreadUtil.lambda$execute$0(ThreadUtil.java:64)
at java.base/java.util.concurrent.FutureTask.run(FutureTask.java:264)
at java.base/java.util.concurrent.ThreadPoolExecutor.runWorker(ThreadPoolExecutor.java:1136)
at java.base/java.util.concurrent.ThreadPoolExecutor$Worker.run(ThreadPoolExecutor.java:635)
at java.base/java.lang.Thread.run(Thread.java:833)
]]>
            </full-stacktrace>
          </exception> <!-- java.lang.NullPointerException -->
          <reporter-output>
          </reporter-output>
        </test-method> <!-- verifyGoBackToMessenger -->
        <test-method is-config="true" signature="logOutApplication()[pri:0, instance:Testfb.TestNGClass@1133ec6e]" started-at="2022-09-21T14:46:00 IST" name="logOutApplication" finished-at="1970-01-01T05:30:00 IST" duration-ms="-1663751760621" status="SKIP">
          <reporter-output>
          </reporter-output>
        </test-method> <!-- logOutApplication -->
        <test-method is-config="true" signature="openRoomsPage()[pri:0, instance:Testfb.TestNGClass@1133ec6e]" started-at="2022-09-21T14:46:00 IST" name="openRoomsPage" finished-at="1970-01-01T05:30:00 IST" duration-ms="-1663751760628" status="SKIP">
          <reporter-output>
          </reporter-output>
        </test-method> <!-- openRoomsPage -->
        <test-method signature="verifyHelpCenterButton()[pri:0, instance:Testfb.TestNGClass@1133ec6e]" started-at="2022-09-21T14:46:00 IST" name="verifyHelpCenterButton" finished-at="2022-09-21T14:46:00 IST" duration-ms="0" status="SKIP">
          <exception class="java.lang.NullPointerException">
            <message>
              <![CDATA[Cannot invoke "org.testng.asserts.SoftAssert.assertEquals(String, String)" because "this.soft" is null]]>
            </message>
            <full-stacktrace>
              <![CDATA[java.lang.NullPointerException: Cannot invoke "org.testng.asserts.SoftAssert.assertEquals(String, String)" because "this.soft" is null
at Testfb.TestNGClass.openRoomsPage(TestNGClass.java:78)
at java.base/jdk.internal.reflect.DirectMethodHandleAccessor.invoke(DirectMethodHandleAccessor.java:104)
at java.base/java.lang.reflect.Method.invoke(Method.java:577)
at org.testng.internal.MethodInvocationHelper.invokeMethod(MethodInvocationHelper.java:133)
at org.testng.internal.MethodInvocationHelper.invokeMethodConsideringTimeout(MethodInvocationHelper.java:62)
at org.testng.internal.ConfigInvoker.invokeConfigurationMethod(ConfigInvoker.java:385)
at org.testng.internal.ConfigInvoker.invokeConfigurations(ConfigInvoker.java:321)
at org.testng.internal.TestInvoker.runConfigMethods(TestInvoker.java:700)
at org.testng.internal.TestInvoker.invokeMethod(TestInvoker.java:527)
at org.testng.internal.TestInvoker.invokeTestMethod(TestInvoker.java:173)
at org.testng.internal.MethodRunner.runInSequence(MethodRunner.java:46)
at org.testng.internal.TestInvoker$MethodInvocationAgent.invoke(TestInvoker.java:824)
at org.testng.internal.TestInvoker.invokeTestMethods(TestInvoker.java:146)
at org.testng.internal.TestMethodWorker.invokeTestMethods(TestMethodWorker.java:146)
at org.testng.internal.TestMethodWorker.run(TestMethodWorker.java:128)
at java.base/java.util.ArrayList.forEach(ArrayList.java:1511)
at org.testng.TestRunner.privateRun(TestRunner.java:794)
at org.testng.TestRunner.run(TestRunner.java:596)
at org.testng.SuiteRunner.runTest(SuiteRunner.java:377)
at org.testng.SuiteRunner.access$000(SuiteRunner.java:28)
at org.testng.SuiteRunner$SuiteWorker.run(SuiteRunner.java:418)
at org.testng.internal.thread.ThreadUtil.lambda$execute$0(ThreadUtil.java:64)
at java.base/java.util.concurrent.FutureTask.run(FutureTask.java:264)
at java.base/java.util.concurrent.ThreadPoolExecutor.runWorker(ThreadPoolExecutor.java:1136)
at java.base/java.util.concurrent.ThreadPoolExecutor$Worker.run(ThreadPoolExecutor.java:635)
at java.base/java.lang.Thread.run(Thread.java:833)
]]>
            </full-stacktrace>
          </exception> <!-- java.lang.NullPointerException -->
          <reporter-output>
          </reporter-output>
        </test-method> <!-- verifyHelpCenterButton -->
        <test-method is-config="true" signature="logOutApplication()[pri:0, instance:Testfb.TestNGClass@1133ec6e]" started-at="2022-09-21T14:46:00 IST" name="logOutApplication" finished-at="1970-01-01T05:30:00 IST" duration-ms="-1663751760641" status="SKIP">
          <reporter-output>
          </reporter-output>
        </test-method> <!-- logOutApplication -->
        <test-method is-config="true" signature="cleanPOMobject()[pri:0, instance:Testfb.TestNGClass@1133ec6e]" started-at="2022-09-21T14:46:00 IST" name="cleanPOMobject" finished-at="1970-01-01T05:30:00 IST" duration-ms="-1663751760645" status="SKIP">
          <reporter-output>
          </reporter-output>
        </test-method> <!-- cleanPOMobject -->
        <test-method is-config="true" signature="closeBrowser()[pri:0, instance:Testfb.TestNGClass@1133ec6e]" started-at="2022-09-21T14:46:19 IST" name="closeBrowser" finished-at="1970-01-01T05:30:00 IST" duration-ms="-1663751779333" status="SKIP">
          <reporter-output>
          </reporter-output>
        </test-method> <!-- closeBrowser -->
      </class> <!-- Testfb.TestNGClass -->
    </test> <!-- ChromeTest -->
    <test started-at="2022-09-21T14:45:49 IST" name="OperaTest" finished-at="2022-09-21T14:46:28 IST" duration-ms="38809">
      <class name="Testfb.TestNG_2">
        <test-method is-config="true" signature="launchBrowser(java.lang.String)[pri:0, instance:Testfb.TestNG_2@5489c777]" started-at="2022-09-21T14:45:55 IST" name="launchBrowser" finished-at="2022-09-21T14:45:59 IST" duration-ms="4258" status="PASS">
          <params>
            <param index="0">
              <value>
                <![CDATA[Opera]]>
              </value>
            </param>
          </params>
          <reporter-output>
          </reporter-output>
        </test-method> <!-- launchBrowser -->
        <test-method is-config="true" signature="createPomObjec()[pri:0, instance:Testfb.TestNG_2@5489c777]" started-at="2022-09-21T14:45:59 IST" name="createPomObjec" finished-at="2022-09-21T14:45:59 IST" duration-ms="6" status="PASS">
          <reporter-output>
          </reporter-output>
        </test-method> <!-- createPomObjec -->
        <test-method is-config="true" signature="openingUrl()[pri:0, instance:Testfb.TestNG_2@5489c777]" started-at="2022-09-21T14:45:59 IST" name="openingUrl" finished-at="2022-09-21T14:46:07 IST" duration-ms="7855" status="PASS">
          <reporter-output>
          </reporter-output>
        </test-method> <!-- openingUrl -->
        <test-method signature="devloperLogIn()[pri:0, instance:Testfb.TestNG_2@5489c777]" started-at="2022-09-21T14:46:07 IST" name="devloperLogIn" finished-at="2022-09-21T14:46:15 IST" duration-ms="8632" status="PASS">
          <reporter-output>
          </reporter-output>
        </test-method> <!-- devloperLogIn -->
        <test-method is-config="true" signature="logOut()[pri:0, instance:Testfb.TestNG_2@5489c777]" started-at="2022-09-21T14:46:15 IST" name="logOut" finished-at="2022-09-21T14:46:15 IST" duration-ms="1" status="PASS">
          <reporter-output>
          </reporter-output>
        </test-method> <!-- logOut -->
        <test-method is-config="true" signature="openingUrl()[pri:0, instance:Testfb.TestNG_2@5489c777]" started-at="2022-09-21T14:46:15 IST" name="openingUrl" finished-at="2022-09-21T14:46:18 IST" duration-ms="2840" status="PASS">
          <reporter-output>
          </reporter-output>
        </test-method> <!-- openingUrl -->
        <test-method signature="signUpButton()[pri:0, instance:Testfb.TestNG_2@5489c777]" started-at="2022-09-21T14:46:18 IST" name="signUpButton" finished-at="2022-09-21T14:46:21 IST" duration-ms="3143" status="PASS">
          <reporter-output>
          </reporter-output>
        </test-method> <!-- signUpButton -->
        <test-method is-config="true" signature="cleanPOMobject()[pri:0, instance:Testfb.TestNG_2@5489c777]" started-at="2022-09-21T14:46:21 IST" name="cleanPOMobject" finished-at="2022-09-21T14:46:21 IST" duration-ms="1" status="PASS">
          <reporter-output>
          </reporter-output>
        </test-method> <!-- cleanPOMobject -->
        <test-method is-config="true" signature="logOut()[pri:0, instance:Testfb.TestNG_2@5489c777]" started-at="2022-09-21T14:46:21 IST" name="logOut" finished-at="2022-09-21T14:46:21 IST" duration-ms="0" status="PASS">
          <reporter-output>
          </reporter-output>
        </test-method> <!-- logOut -->
        <test-method is-config="true" signature="closeBrowser()[pri:0, instance:Testfb.TestNG_2@5489c777]" started-at="2022-09-21T14:46:28 IST" name="closeBrowser" finished-at="1970-01-01T05:30:00 IST" duration-ms="-1663751788700" status="SKIP">
          <reporter-output>
          </reporter-output>
        </test-method> <!-- closeBrowser -->
      </class> <!-- Testfb.TestNG_2 -->
      <class name="Testfb.TestNGClass">
        <test-method is-config="true" signature="launchBrowser(java.lang.String)[pri:0, instance:Testfb.TestNGClass@3676ac27]" started-at="2022-09-21T14:45:49 IST" name="launchBrowser" finished-at="2022-09-21T14:45:55 IST" duration-ms="5183" status="PASS">
          <params>
            <param index="0">
              <value>
                <![CDATA[Opera]]>
              </value>
            </param>
          </params>
          <reporter-output>
          </reporter-output>
        </test-method> <!-- launchBrowser -->
        <test-method is-config="true" signature="createpomObjects()[pri:0, instance:Testfb.TestNGClass@3676ac27]" started-at="2022-09-21T14:46:21 IST" name="createpomObjects" finished-at="2022-09-21T14:46:21 IST" duration-ms="1" status="PASS">
          <reporter-output>
          </reporter-output>
        </test-method> <!-- createpomObjects -->
        <test-method is-config="true" signature="openRoomsPage()[pri:0, instance:Testfb.TestNGClass@3676ac27]" started-at="2022-09-21T14:46:21 IST" name="openRoomsPage" finished-at="2022-09-21T14:46:28 IST" duration-ms="6845" status="FAIL">
          <exception class="java.lang.NullPointerException">
            <message>
              <![CDATA[Cannot invoke "org.testng.asserts.SoftAssert.assertEquals(String, String)" because "this.soft" is null]]>
            </message>
            <full-stacktrace>
              <![CDATA[java.lang.NullPointerException: Cannot invoke "org.testng.asserts.SoftAssert.assertEquals(String, String)" because "this.soft" is null
at Testfb.TestNGClass.openRoomsPage(TestNGClass.java:78)
at java.base/jdk.internal.reflect.DirectMethodHandleAccessor.invoke(DirectMethodHandleAccessor.java:104)
at java.base/java.lang.reflect.Method.invoke(Method.java:577)
at org.testng.internal.MethodInvocationHelper.invokeMethod(MethodInvocationHelper.java:133)
at org.testng.internal.MethodInvocationHelper.invokeMethodConsideringTimeout(MethodInvocationHelper.java:62)
at org.testng.internal.ConfigInvoker.invokeConfigurationMethod(ConfigInvoker.java:385)
at org.testng.internal.ConfigInvoker.invokeConfigurations(ConfigInvoker.java:321)
at org.testng.internal.TestInvoker.runConfigMethods(TestInvoker.java:700)
at org.testng.internal.TestInvoker.invokeMethod(TestInvoker.java:527)
at org.testng.internal.TestInvoker.invokeTestMethod(TestInvoker.java:173)
at org.testng.internal.MethodRunner.runInSequence(MethodRunner.java:46)
at org.testng.internal.TestInvoker$MethodInvocationAgent.invoke(TestInvoker.java:824)
at org.testng.internal.TestInvoker.invokeTestMethods(TestInvoker.java:146)
at org.testng.internal.TestMethodWorker.invokeTestMethods(TestMethodWorker.java:146)
at org.testng.internal.TestMethodWorker.run(TestMethodWorker.java:128)
at java.base/java.util.ArrayList.forEach(ArrayList.java:1511)
at org.testng.TestRunner.privateRun(TestRunner.java:794)
at org.testng.TestRunner.run(TestRunner.java:596)
at org.testng.SuiteRunner.runTest(SuiteRunner.java:377)
at org.testng.SuiteRunner.access$000(SuiteRunner.java:28)
at org.testng.SuiteRunner$SuiteWorker.run(SuiteRunner.java:418)
at org.testng.internal.thread.ThreadUtil.lambda$execute$0(ThreadUtil.java:64)
at java.base/java.util.concurrent.FutureTask.run(FutureTask.java:264)
at java.base/java.util.concurrent.ThreadPoolExecutor.runWorker(ThreadPoolExecutor.java:1136)
at java.base/java.util.concurrent.ThreadPoolExecutor$Worker.run(ThreadPoolExecutor.java:635)
at java.base/java.lang.Thread.run(Thread.java:833)
]]>
            </full-stacktrace>
          </exception> <!-- java.lang.NullPointerException -->
          <reporter-output>
          </reporter-output>
        </test-method> <!-- openRoomsPage -->
        <test-method signature="verifyGoBackToMessenger()[pri:0, instance:Testfb.TestNGClass@3676ac27]" started-at="2022-09-21T14:46:28 IST" name="verifyGoBackToMessenger" finished-at="2022-09-21T14:46:28 IST" duration-ms="0" status="SKIP">
          <exception class="java.lang.NullPointerException">
            <message>
              <![CDATA[Cannot invoke "org.testng.asserts.SoftAssert.assertEquals(String, String)" because "this.soft" is null]]>
            </message>
            <full-stacktrace>
              <![CDATA[java.lang.NullPointerException: Cannot invoke "org.testng.asserts.SoftAssert.assertEquals(String, String)" because "this.soft" is null
at Testfb.TestNGClass.openRoomsPage(TestNGClass.java:78)
at java.base/jdk.internal.reflect.DirectMethodHandleAccessor.invoke(DirectMethodHandleAccessor.java:104)
at java.base/java.lang.reflect.Method.invoke(Method.java:577)
at org.testng.internal.MethodInvocationHelper.invokeMethod(MethodInvocationHelper.java:133)
at org.testng.internal.MethodInvocationHelper.invokeMethodConsideringTimeout(MethodInvocationHelper.java:62)
at org.testng.internal.ConfigInvoker.invokeConfigurationMethod(ConfigInvoker.java:385)
at org.testng.internal.ConfigInvoker.invokeConfigurations(ConfigInvoker.java:321)
at org.testng.internal.TestInvoker.runConfigMethods(TestInvoker.java:700)
at org.testng.internal.TestInvoker.invokeMethod(TestInvoker.java:527)
at org.testng.internal.TestInvoker.invokeTestMethod(TestInvoker.java:173)
at org.testng.internal.MethodRunner.runInSequence(MethodRunner.java:46)
at org.testng.internal.TestInvoker$MethodInvocationAgent.invoke(TestInvoker.java:824)
at org.testng.internal.TestInvoker.invokeTestMethods(TestInvoker.java:146)
at org.testng.internal.TestMethodWorker.invokeTestMethods(TestMethodWorker.java:146)
at org.testng.internal.TestMethodWorker.run(TestMethodWorker.java:128)
at java.base/java.util.ArrayList.forEach(ArrayList.java:1511)
at org.testng.TestRunner.privateRun(TestRunner.java:794)
at org.testng.TestRunner.run(TestRunner.java:596)
at org.testng.SuiteRunner.runTest(SuiteRunner.java:377)
at org.testng.SuiteRunner.access$000(SuiteRunner.java:28)
at org.testng.SuiteRunner$SuiteWorker.run(SuiteRunner.java:418)
at org.testng.internal.thread.ThreadUtil.lambda$execute$0(ThreadUtil.java:64)
at java.base/java.util.concurrent.FutureTask.run(FutureTask.java:264)
at java.base/java.util.concurrent.ThreadPoolExecutor.runWorker(ThreadPoolExecutor.java:1136)
at java.base/java.util.concurrent.ThreadPoolExecutor$Worker.run(ThreadPoolExecutor.java:635)
at java.base/java.lang.Thread.run(Thread.java:833)
]]>
            </full-stacktrace>
          </exception> <!-- java.lang.NullPointerException -->
          <reporter-output>
          </reporter-output>
        </test-method> <!-- verifyGoBackToMessenger -->
        <test-method is-config="true" signature="logOutApplication()[pri:0, instance:Testfb.TestNGClass@3676ac27]" started-at="2022-09-21T14:46:28 IST" name="logOutApplication" finished-at="1970-01-01T05:30:00 IST" duration-ms="-1663751788680" status="SKIP">
          <reporter-output>
          </reporter-output>
        </test-method> <!-- logOutApplication -->
        <test-method is-config="true" signature="openRoomsPage()[pri:0, instance:Testfb.TestNGClass@3676ac27]" started-at="2022-09-21T14:46:28 IST" name="openRoomsPage" finished-at="1970-01-01T05:30:00 IST" duration-ms="-1663751788683" status="SKIP">
          <reporter-output>
          </reporter-output>
        </test-method> <!-- openRoomsPage -->
        <test-method signature="verifyHelpCenterButton()[pri:0, instance:Testfb.TestNGClass@3676ac27]" started-at="2022-09-21T14:46:28 IST" name="verifyHelpCenterButton" finished-at="2022-09-21T14:46:28 IST" duration-ms="0" status="SKIP">
          <exception class="java.lang.NullPointerException">
            <message>
              <![CDATA[Cannot invoke "org.testng.asserts.SoftAssert.assertEquals(String, String)" because "this.soft" is null]]>
            </message>
            <full-stacktrace>
              <![CDATA[java.lang.NullPointerException: Cannot invoke "org.testng.asserts.SoftAssert.assertEquals(String, String)" because "this.soft" is null
at Testfb.TestNGClass.openRoomsPage(TestNGClass.java:78)
at java.base/jdk.internal.reflect.DirectMethodHandleAccessor.invoke(DirectMethodHandleAccessor.java:104)
at java.base/java.lang.reflect.Method.invoke(Method.java:577)
at org.testng.internal.MethodInvocationHelper.invokeMethod(MethodInvocationHelper.java:133)
at org.testng.internal.MethodInvocationHelper.invokeMethodConsideringTimeout(MethodInvocationHelper.java:62)
at org.testng.internal.ConfigInvoker.invokeConfigurationMethod(ConfigInvoker.java:385)
at org.testng.internal.ConfigInvoker.invokeConfigurations(ConfigInvoker.java:321)
at org.testng.internal.TestInvoker.runConfigMethods(TestInvoker.java:700)
at org.testng.internal.TestInvoker.invokeMethod(TestInvoker.java:527)
at org.testng.internal.TestInvoker.invokeTestMethod(TestInvoker.java:173)
at org.testng.internal.MethodRunner.runInSequence(MethodRunner.java:46)
at org.testng.internal.TestInvoker$MethodInvocationAgent.invoke(TestInvoker.java:824)
at org.testng.internal.TestInvoker.invokeTestMethods(TestInvoker.java:146)
at org.testng.internal.TestMethodWorker.invokeTestMethods(TestMethodWorker.java:146)
at org.testng.internal.TestMethodWorker.run(TestMethodWorker.java:128)
at java.base/java.util.ArrayList.forEach(ArrayList.java:1511)
at org.testng.TestRunner.privateRun(TestRunner.java:794)
at org.testng.TestRunner.run(TestRunner.java:596)
at org.testng.SuiteRunner.runTest(SuiteRunner.java:377)
at org.testng.SuiteRunner.access$000(SuiteRunner.java:28)
at org.testng.SuiteRunner$SuiteWorker.run(SuiteRunner.java:418)
at org.testng.internal.thread.ThreadUtil.lambda$execute$0(ThreadUtil.java:64)
at java.base/java.util.concurrent.FutureTask.run(FutureTask.java:264)
at java.base/java.util.concurrent.ThreadPoolExecutor.runWorker(ThreadPoolExecutor.java:1136)
at java.base/java.util.concurrent.ThreadPoolExecutor$Worker.run(ThreadPoolExecutor.java:635)
at java.base/java.lang.Thread.run(Thread.java:833)
]]>
            </full-stacktrace>
          </exception> <!-- java.lang.NullPointerException -->
          <reporter-output>
          </reporter-output>
        </test-method> <!-- verifyHelpCenterButton -->
        <test-method is-config="true" signature="logOutApplication()[pri:0, instance:Testfb.TestNGClass@3676ac27]" started-at="2022-09-21T14:46:28 IST" name="logOutApplication" finished-at="1970-01-01T05:30:00 IST" duration-ms="-1663751788689" status="SKIP">
          <reporter-output>
          </reporter-output>
        </test-method> <!-- logOutApplication -->
        <test-method is-config="true" signature="cleanPOMobject()[pri:0, instance:Testfb.TestNGClass@3676ac27]" started-at="2022-09-21T14:46:28 IST" name="cleanPOMobject" finished-at="1970-01-01T05:30:00 IST" duration-ms="-1663751788695" status="SKIP">
          <reporter-output>
          </reporter-output>
        </test-method> <!-- cleanPOMobject -->
        <test-method is-config="true" signature="closeBrowser()[pri:0, instance:Testfb.TestNGClass@3676ac27]" started-at="2022-09-21T14:46:28 IST" name="closeBrowser" finished-at="1970-01-01T05:30:00 IST" duration-ms="-1663751788698" status="SKIP">
          <reporter-output>
          </reporter-output>
        </test-method> <!-- closeBrowser -->
      </class> <!-- Testfb.TestNGClass -->
    </test> <!-- OperaTest -->
    <test started-at="2022-09-21T14:46:19 IST" name="FirefoxTest" finished-at="2022-09-21T14:47:45 IST" duration-ms="86241">
      <class name="Testfb.TestNG_2">
        <test-method is-config="true" signature="beforeSuite()[pri:0, instance:Testfb.TestNG_2@158d255c]" started-at="2022-09-21T14:45:49 IST" name="beforeSuite" finished-at="2022-09-21T14:45:49 IST" duration-ms="25" status="PASS">
          <reporter-output>
          </reporter-output>
        </test-method> <!-- beforeSuite -->
        <test-method is-config="true" signature="launchBrowser(java.lang.String)[pri:0, instance:Testfb.TestNG_2@158d255c]" started-at="2022-09-21T14:46:52 IST" name="launchBrowser" finished-at="2022-09-21T14:47:01 IST" duration-ms="9499" status="PASS">
          <params>
            <param index="0">
              <value>
                <![CDATA[Firefox]]>
              </value>
            </param>
          </params>
          <reporter-output>
          </reporter-output>
        </test-method> <!-- launchBrowser -->
        <test-method is-config="true" signature="createPomObjec()[pri:0, instance:Testfb.TestNG_2@158d255c]" started-at="2022-09-21T14:47:01 IST" name="createPomObjec" finished-at="2022-09-21T14:47:01 IST" duration-ms="2" status="PASS">
          <reporter-output>
          </reporter-output>
        </test-method> <!-- createPomObjec -->
        <test-method is-config="true" signature="openingUrl()[pri:0, instance:Testfb.TestNG_2@158d255c]" started-at="2022-09-21T14:47:01 IST" name="openingUrl" finished-at="2022-09-21T14:47:17 IST" duration-ms="15943" status="PASS">
          <reporter-output>
          </reporter-output>
        </test-method> <!-- openingUrl -->
        <test-method signature="devloperLogIn()[pri:0, instance:Testfb.TestNG_2@158d255c]" started-at="2022-09-21T14:47:17 IST" name="devloperLogIn" finished-at="2022-09-21T14:47:35 IST" duration-ms="17960" status="PASS">
          <reporter-output>
          </reporter-output>
        </test-method> <!-- devloperLogIn -->
        <test-method is-config="true" signature="logOut()[pri:0, instance:Testfb.TestNG_2@158d255c]" started-at="2022-09-21T14:47:35 IST" name="logOut" finished-at="2022-09-21T14:47:35 IST" duration-ms="1" status="PASS">
          <reporter-output>
          </reporter-output>
        </test-method> <!-- logOut -->
        <test-method is-config="true" signature="openingUrl()[pri:0, instance:Testfb.TestNG_2@158d255c]" started-at="2022-09-21T14:47:35 IST" name="openingUrl" finished-at="2022-09-21T14:47:38 IST" duration-ms="2686" status="PASS">
          <reporter-output>
          </reporter-output>
        </test-method> <!-- openingUrl -->
        <test-method signature="signUpButton()[pri:0, instance:Testfb.TestNG_2@158d255c]" started-at="2022-09-21T14:47:38 IST" name="signUpButton" finished-at="2022-09-21T14:47:43 IST" duration-ms="4697" status="PASS">
          <reporter-output>
          </reporter-output>
        </test-method> <!-- signUpButton -->
        <test-method is-config="true" signature="logOut()[pri:0, instance:Testfb.TestNG_2@158d255c]" started-at="2022-09-21T14:47:43 IST" name="logOut" finished-at="2022-09-21T14:47:43 IST" duration-ms="1" status="PASS">
          <reporter-output>
          </reporter-output>
        </test-method> <!-- logOut -->
        <test-method is-config="true" signature="cleanPOMobject()[pri:0, instance:Testfb.TestNG_2@158d255c]" started-at="2022-09-21T14:47:43 IST" name="cleanPOMobject" finished-at="2022-09-21T14:47:43 IST" duration-ms="1" status="PASS">
          <reporter-output>
          </reporter-output>
        </test-method> <!-- cleanPOMobject -->
        <test-method is-config="true" signature="closeBrowser()[pri:0, instance:Testfb.TestNG_2@158d255c]" started-at="2022-09-21T14:47:45 IST" name="closeBrowser" finished-at="1970-01-01T05:30:00 IST" duration-ms="-1663751865625" status="SKIP">
          <reporter-output>
          </reporter-output>
        </test-method> <!-- closeBrowser -->
        <test-method is-config="true" signature="afterSuit()[pri:0, instance:Testfb.TestNG_2@158d255c]" started-at="2022-09-21T14:47:45 IST" name="afterSuit" finished-at="1970-01-01T05:30:00 IST" duration-ms="-1663751865656" status="SKIP">
          <reporter-output>
          </reporter-output>
        </test-method> <!-- afterSuit -->
      </class> <!-- Testfb.TestNG_2 -->
      <class name="Testfb.TestNGClass">
        <test-method is-config="true" signature="launchBrowser(java.lang.String)[pri:0, instance:Testfb.TestNGClass@2ca65ce4]" started-at="2022-09-21T14:46:19 IST" name="launchBrowser" finished-at="2022-09-21T14:46:52 IST" duration-ms="32908" status="PASS">
          <params>
            <param index="0">
              <value>
                <![CDATA[Firefox]]>
              </value>
            </param>
          </params>
          <reporter-output>
          </reporter-output>
        </test-method> <!-- launchBrowser -->
        <test-method is-config="true" signature="createpomObjects()[pri:0, instance:Testfb.TestNGClass@2ca65ce4]" started-at="2022-09-21T14:47:43 IST" name="createpomObjects" finished-at="2022-09-21T14:47:43 IST" duration-ms="3" status="PASS">
          <reporter-output>
          </reporter-output>
        </test-method> <!-- createpomObjects -->
        <test-method is-config="true" signature="openRoomsPage()[pri:0, instance:Testfb.TestNGClass@2ca65ce4]" started-at="2022-09-21T14:47:43 IST" name="openRoomsPage" finished-at="2022-09-21T14:47:45 IST" duration-ms="2496" status="FAIL">
          <exception class="java.lang.NullPointerException">
            <message>
              <![CDATA[Cannot invoke "org.testng.asserts.SoftAssert.assertEquals(String, String)" because "this.soft" is null]]>
            </message>
            <full-stacktrace>
              <![CDATA[java.lang.NullPointerException: Cannot invoke "org.testng.asserts.SoftAssert.assertEquals(String, String)" because "this.soft" is null
at Testfb.TestNGClass.openRoomsPage(TestNGClass.java:78)
at java.base/jdk.internal.reflect.DirectMethodHandleAccessor.invoke(DirectMethodHandleAccessor.java:104)
at java.base/java.lang.reflect.Method.invoke(Method.java:577)
at org.testng.internal.MethodInvocationHelper.invokeMethod(MethodInvocationHelper.java:133)
at org.testng.internal.MethodInvocationHelper.invokeMethodConsideringTimeout(MethodInvocationHelper.java:62)
at org.testng.internal.ConfigInvoker.invokeConfigurationMethod(ConfigInvoker.java:385)
at org.testng.internal.ConfigInvoker.invokeConfigurations(ConfigInvoker.java:321)
at org.testng.internal.TestInvoker.runConfigMethods(TestInvoker.java:700)
at org.testng.internal.TestInvoker.invokeMethod(TestInvoker.java:527)
at org.testng.internal.TestInvoker.invokeTestMethod(TestInvoker.java:173)
at org.testng.internal.MethodRunner.runInSequence(MethodRunner.java:46)
at org.testng.internal.TestInvoker$MethodInvocationAgent.invoke(TestInvoker.java:824)
at org.testng.internal.TestInvoker.invokeTestMethods(TestInvoker.java:146)
at org.testng.internal.TestMethodWorker.invokeTestMethods(TestMethodWorker.java:146)
at org.testng.internal.TestMethodWorker.run(TestMethodWorker.java:128)
at java.base/java.util.ArrayList.forEach(ArrayList.java:1511)
at org.testng.TestRunner.privateRun(TestRunner.java:794)
at org.testng.TestRunner.run(TestRunner.java:596)
at org.testng.SuiteRunner.runTest(SuiteRunner.java:377)
at org.testng.SuiteRunner.access$000(SuiteRunner.java:28)
at org.testng.SuiteRunner$SuiteWorker.run(SuiteRunner.java:418)
at org.testng.internal.thread.ThreadUtil.lambda$execute$0(ThreadUtil.java:64)
at java.base/java.util.concurrent.FutureTask.run(FutureTask.java:264)
at java.base/java.util.concurrent.ThreadPoolExecutor.runWorker(ThreadPoolExecutor.java:1136)
at java.base/java.util.concurrent.ThreadPoolExecutor$Worker.run(ThreadPoolExecutor.java:635)
at java.base/java.lang.Thread.run(Thread.java:833)
]]>
            </full-stacktrace>
          </exception> <!-- java.lang.NullPointerException -->
          <reporter-output>
          </reporter-output>
        </test-method> <!-- openRoomsPage -->
        <test-method signature="verifyGoBackToMessenger()[pri:0, instance:Testfb.TestNGClass@2ca65ce4]" started-at="2022-09-21T14:47:45 IST" name="verifyGoBackToMessenger" finished-at="2022-09-21T14:47:45 IST" duration-ms="0" status="SKIP">
          <exception class="java.lang.NullPointerException">
            <message>
              <![CDATA[Cannot invoke "org.testng.asserts.SoftAssert.assertEquals(String, String)" because "this.soft" is null]]>
            </message>
            <full-stacktrace>
              <![CDATA[java.lang.NullPointerException: Cannot invoke "org.testng.asserts.SoftAssert.assertEquals(String, String)" because "this.soft" is null
at Testfb.TestNGClass.openRoomsPage(TestNGClass.java:78)
at java.base/jdk.internal.reflect.DirectMethodHandleAccessor.invoke(DirectMethodHandleAccessor.java:104)
at java.base/java.lang.reflect.Method.invoke(Method.java:577)
at org.testng.internal.MethodInvocationHelper.invokeMethod(MethodInvocationHelper.java:133)
at org.testng.internal.MethodInvocationHelper.invokeMethodConsideringTimeout(MethodInvocationHelper.java:62)
at org.testng.internal.ConfigInvoker.invokeConfigurationMethod(ConfigInvoker.java:385)
at org.testng.internal.ConfigInvoker.invokeConfigurations(ConfigInvoker.java:321)
at org.testng.internal.TestInvoker.runConfigMethods(TestInvoker.java:700)
at org.testng.internal.TestInvoker.invokeMethod(TestInvoker.java:527)
at org.testng.internal.TestInvoker.invokeTestMethod(TestInvoker.java:173)
at org.testng.internal.MethodRunner.runInSequence(MethodRunner.java:46)
at org.testng.internal.TestInvoker$MethodInvocationAgent.invoke(TestInvoker.java:824)
at org.testng.internal.TestInvoker.invokeTestMethods(TestInvoker.java:146)
at org.testng.internal.TestMethodWorker.invokeTestMethods(TestMethodWorker.java:146)
at org.testng.internal.TestMethodWorker.run(TestMethodWorker.java:128)
at java.base/java.util.ArrayList.forEach(ArrayList.java:1511)
at org.testng.TestRunner.privateRun(TestRunner.java:794)
at org.testng.TestRunner.run(TestRunner.java:596)
at org.testng.SuiteRunner.runTest(SuiteRunner.java:377)
at org.testng.SuiteRunner.access$000(SuiteRunner.java:28)
at org.testng.SuiteRunner$SuiteWorker.run(SuiteRunner.java:418)
at org.testng.internal.thread.ThreadUtil.lambda$execute$0(ThreadUtil.java:64)
at java.base/java.util.concurrent.FutureTask.run(FutureTask.java:264)
at java.base/java.util.concurrent.ThreadPoolExecutor.runWorker(ThreadPoolExecutor.java:1136)
at java.base/java.util.concurrent.ThreadPoolExecutor$Worker.run(ThreadPoolExecutor.java:635)
at java.base/java.lang.Thread.run(Thread.java:833)
]]>
            </full-stacktrace>
          </exception> <!-- java.lang.NullPointerException -->
          <reporter-output>
          </reporter-output>
        </test-method> <!-- verifyGoBackToMessenger -->
        <test-method is-config="true" signature="logOutApplication()[pri:0, instance:Testfb.TestNGClass@2ca65ce4]" started-at="2022-09-21T14:47:45 IST" name="logOutApplication" finished-at="1970-01-01T05:30:00 IST" duration-ms="-1663751865606" status="SKIP">
          <reporter-output>
          </reporter-output>
        </test-method> <!-- logOutApplication -->
        <test-method is-config="true" signature="openRoomsPage()[pri:0, instance:Testfb.TestNGClass@2ca65ce4]" started-at="2022-09-21T14:47:45 IST" name="openRoomsPage" finished-at="1970-01-01T05:30:00 IST" duration-ms="-1663751865611" status="SKIP">
          <reporter-output>
          </reporter-output>
        </test-method> <!-- openRoomsPage -->
        <test-method signature="verifyHelpCenterButton()[pri:0, instance:Testfb.TestNGClass@2ca65ce4]" started-at="2022-09-21T14:47:45 IST" name="verifyHelpCenterButton" finished-at="2022-09-21T14:47:45 IST" duration-ms="0" status="SKIP">
          <exception class="java.lang.NullPointerException">
            <message>
              <![CDATA[Cannot invoke "org.testng.asserts.SoftAssert.assertEquals(String, String)" because "this.soft" is null]]>
            </message>
            <full-stacktrace>
              <![CDATA[java.lang.NullPointerException: Cannot invoke "org.testng.asserts.SoftAssert.assertEquals(String, String)" because "this.soft" is null
at Testfb.TestNGClass.openRoomsPage(TestNGClass.java:78)
at java.base/jdk.internal.reflect.DirectMethodHandleAccessor.invoke(DirectMethodHandleAccessor.java:104)
at java.base/java.lang.reflect.Method.invoke(Method.java:577)
at org.testng.internal.MethodInvocationHelper.invokeMethod(MethodInvocationHelper.java:133)
at org.testng.internal.MethodInvocationHelper.invokeMethodConsideringTimeout(MethodInvocationHelper.java:62)
at org.testng.internal.ConfigInvoker.invokeConfigurationMethod(ConfigInvoker.java:385)
at org.testng.internal.ConfigInvoker.invokeConfigurations(ConfigInvoker.java:321)
at org.testng.internal.TestInvoker.runConfigMethods(TestInvoker.java:700)
at org.testng.internal.TestInvoker.invokeMethod(TestInvoker.java:527)
at org.testng.internal.TestInvoker.invokeTestMethod(TestInvoker.java:173)
at org.testng.internal.MethodRunner.runInSequence(MethodRunner.java:46)
at org.testng.internal.TestInvoker$MethodInvocationAgent.invoke(TestInvoker.java:824)
at org.testng.internal.TestInvoker.invokeTestMethods(TestInvoker.java:146)
at org.testng.internal.TestMethodWorker.invokeTestMethods(TestMethodWorker.java:146)
at org.testng.internal.TestMethodWorker.run(TestMethodWorker.java:128)
at java.base/java.util.ArrayList.forEach(ArrayList.java:1511)
at org.testng.TestRunner.privateRun(TestRunner.java:794)
at org.testng.TestRunner.run(TestRunner.java:596)
at org.testng.SuiteRunner.runTest(SuiteRunner.java:377)
at org.testng.SuiteRunner.access$000(SuiteRunner.java:28)
at org.testng.SuiteRunner$SuiteWorker.run(SuiteRunner.java:418)
at org.testng.internal.thread.ThreadUtil.lambda$execute$0(ThreadUtil.java:64)
at java.base/java.util.concurrent.FutureTask.run(FutureTask.java:264)
at java.base/java.util.concurrent.ThreadPoolExecutor.runWorker(ThreadPoolExecutor.java:1136)
at java.base/java.util.concurrent.ThreadPoolExecutor$Worker.run(ThreadPoolExecutor.java:635)
at java.base/java.lang.Thread.run(Thread.java:833)
]]>
            </full-stacktrace>
          </exception> <!-- java.lang.NullPointerException -->
          <reporter-output>
          </reporter-output>
        </test-method> <!-- verifyHelpCenterButton -->
        <test-method is-config="true" signature="logOutApplication()[pri:0, instance:Testfb.TestNGClass@2ca65ce4]" started-at="2022-09-21T14:47:45 IST" name="logOutApplication" finished-at="1970-01-01T05:30:00 IST" duration-ms="-1663751865616" status="SKIP">
          <reporter-output>
          </reporter-output>
        </test-method> <!-- logOutApplication -->
        <test-method is-config="true" signature="cleanPOMobject()[pri:0, instance:Testfb.TestNGClass@2ca65ce4]" started-at="2022-09-21T14:47:45 IST" name="cleanPOMobject" finished-at="1970-01-01T05:30:00 IST" duration-ms="-1663751865619" status="SKIP">
          <reporter-output>
          </reporter-output>
        </test-method> <!-- cleanPOMobject -->
        <test-method is-config="true" signature="closeBrowser()[pri:0, instance:Testfb.TestNGClass@2ca65ce4]" started-at="2022-09-21T14:47:45 IST" name="closeBrowser" finished-at="1970-01-01T05:30:00 IST" duration-ms="-1663751865623" status="SKIP">
          <reporter-output>
          </reporter-output>
        </test-method> <!-- closeBrowser -->
        <test-method is-config="true" signature="afterSuit()[pri:0, instance:Testfb.TestNGClass@2ca65ce4]" started-at="2022-09-21T14:47:45 IST" name="afterSuit" finished-at="1970-01-01T05:30:00 IST" duration-ms="-1663751865649" status="SKIP">
          <reporter-output>
          </reporter-output>
        </test-method> <!-- afterSuit -->
      </class> <!-- Testfb.TestNGClass -->
    </test> <!-- FirefoxTest -->
  </suite> <!-- Suite1234 -->
</testng-results>
