<?xml version="1.0" encoding="UTF-8"?>
<!-- Generated by org.testng.reporters.JUnitXMLReporter -->
<testsuite ignored="0" hostname="DESKTOP-3T0R0CM" failures="0" tests="4" name="OperaTest" time="38.809" errors="0" timestamp="2022-09-21T14:46:28 IST">
  <testcase classname="Testfb.TestNGClass" name="@BeforeMethod openRoomsPage" time="6.845">
    <failure type="java.lang.NullPointerException" message="Cannot invoke &amp;quot;org.testng.asserts.SoftAssert.assertEquals(String, String)&amp;quot; because &amp;quot;this.soft&amp;quot; is null">
      <![CDATA[java.lang.NullPointerException: Cannot invoke "org.testng.asserts.SoftAssert.assertEquals(String, String)" because "this.soft" is null
at Testfb.TestNGClass.openRoomsPage(TestNGClass.java:78)
at java.base/java.util.ArrayList.forEach(ArrayList.java:1511)
at java.base/java.util.concurrent.FutureTask.run(FutureTask.java:264)
at java.base/java.util.concurrent.ThreadPoolExecutor.runWorker(ThreadPoolExecutor.java:1136)
at java.base/java.util.concurrent.ThreadPoolExecutor$Worker.run(ThreadPoolExecutor.java:635)
at java.base/java.lang.Thread.run(Thread.java:833)
... Removed 20 stack frames]]>
    </failure>
  </testcase> <!-- @BeforeMethod openRoomsPage -->
  <testcase classname="Testfb.TestNGClass" name="@AfterMethod logOutApplication" time="-1.66375178868E9">
    <skipped/>
  </testcase> <!-- @AfterMethod logOutApplication -->
  <testcase classname="Testfb.TestNGClass" name="@BeforeMethod openRoomsPage" time="-1.663751788683E9">
    <skipped/>
  </testcase> <!-- @BeforeMethod openRoomsPage -->
  <testcase classname="Testfb.TestNGClass" name="@AfterMethod logOutApplication" time="-1.663751788689E9">
    <skipped/>
  </testcase> <!-- @AfterMethod logOutApplication -->
  <testcase classname="Testfb.TestNGClass" name="@AfterClass cleanPOMobject" time="-1.663751788695E9">
    <skipped/>
  </testcase> <!-- @AfterClass cleanPOMobject -->
  <testcase classname="Testfb.TestNGClass" name="@AfterTest closeBrowser" time="-1.663751788698E9">
    <skipped/>
  </testcase> <!-- @AfterTest closeBrowser -->
  <testcase classname="Testfb.TestNG_2" name="@AfterTest closeBrowser" time="-1.6637517887E9">
    <skipped/>
  </testcase> <!-- @AfterTest closeBrowser -->
  <testcase classname="Testfb.TestNG_2" name="devloperLogIn" time="8.632"/>
  <testcase classname="Testfb.TestNG_2" name="signUpButton" time="3.143"/>
  <testcase classname="Testfb.TestNGClass" name="verifyGoBackToMessenger" time="0.0">
    <skipped/>
  </testcase> <!-- verifyGoBackToMessenger -->
  <testcase classname="Testfb.TestNGClass" name="verifyHelpCenterButton" time="0.0">
    <skipped/>
  </testcase> <!-- verifyHelpCenterButton -->
</testsuite> <!-- OperaTest -->
